2012-12-06 19:56:46---MemberList: 0-abhishek-Lenovo-Z580 
2012-12-06 19:56:53---received JLenovo-PC through 8891
2012-12-06 19:56:53---MemberList: 0-abhishek-Lenovo-Z580 
2012-12-06 19:56:53---received incoming socket, JOIN Lenovo-PC
2012-12-06 19:56:53---Sending memberList - [abhishek-Lenovo-Z580, Lenovo-PC]to Lenovo-PC
2012-12-06 19:56:53---sorted node_file_map - [Lenovo-PC, abhishek-Lenovo-Z580]
2012-12-06 19:56:53---sorted file_node_map - []
2012-12-06 19:56:53---balancefiles called 
2012-12-06 19:56:53---initial node_file_keys - [Lenovo-PC, abhishek-Lenovo-Z580]
2012-12-06 19:56:53---initial file_node_keys - []
2012-12-06 19:56:53---balancefiles called, stage one done
2012-12-06 19:56:53---final file_node_keys - []
2012-12-06 19:56:53---average number of files per server - 0
2012-12-06 19:56:53---balancefiles called, stage two done 
2012-12-06 19:56:53---final node_file_keys - [Lenovo-PC, abhishek-Lenovo-Z580]
2012-12-06 19:56:53---received ALenovo-PC through 8891
2012-12-06 19:56:53---MemberList: 0-abhishek-Lenovo-Z580 1-Lenovo-PC 
2012-12-06 19:56:53---received incoming socket, ADD Lenovo-PC
2012-12-06 19:56:58---received [P, 1, 1.s, skulkrn2] through 8891
2012-12-06 19:56:58---MemberList: 0-abhishek-Lenovo-Z580 1-Lenovo-PC 
2012-12-06 19:56:58---sorted node_file_map - [Lenovo-PC, abhishek-Lenovo-Z580]
2012-12-06 19:56:58---sent [C, 1, 1.s, skulkrn2] to Lenovo-PC
2012-12-06 19:56:58---sent [C, 1, 1.s, skulkrn2] to abhishek-Lenovo-Z580
2012-12-06 19:56:58---node_file_map after PUT - {Lenovo-PC=[1.s], abhishek-Lenovo-Z580=[1.s]}
2012-12-06 19:56:58---file_node_map after PUT - {1.s=[Lenovo-PC, abhishek-Lenovo-Z580]}
2012-12-06 19:56:58---received [C, 1, 1.s, skulkrn2] through 8891
2012-12-06 19:56:58---MemberList: 0-abhishek-Lenovo-Z580 1-Lenovo-PC 
2012-12-06 19:56:58---received COPY, will now start FileTransferClient
2012-12-06 19:56:58---myFileList before COPY - []
2012-12-06 19:56:58---Received COPY message, copy started for 1.s
2012-12-06 19:56:58--- thread: file transfer started
2012-12-06 19:56:58---c:1.s s:1 ip:skulkrn2
2012-12-06 19:56:58--- thread: file transfer completed
2012-12-06 19:56:58---COPY completed for 1.s
2012-12-06 19:56:58---myFileList after COPY - [1.s]
2012-12-06 19:57:00---received [P, 2, 2.s, skulkrn2] through 8891
2012-12-06 19:57:00---MemberList: 0-abhishek-Lenovo-Z580 1-Lenovo-PC 
2012-12-06 19:57:00---sorted node_file_map - [Lenovo-PC, abhishek-Lenovo-Z580]
2012-12-06 19:57:00---sent [C, 2, 2.s, skulkrn2] to Lenovo-PC
2012-12-06 19:57:00---sent [C, 2, 2.s, skulkrn2] to abhishek-Lenovo-Z580
2012-12-06 19:57:00---node_file_map after PUT - {Lenovo-PC=[1.s, 2.s], abhishek-Lenovo-Z580=[1.s, 2.s]}
2012-12-06 19:57:00---file_node_map after PUT - {2.s=[Lenovo-PC, abhishek-Lenovo-Z580], 1.s=[Lenovo-PC, abhishek-Lenovo-Z580]}
2012-12-06 19:57:00---received [C, 2, 2.s, skulkrn2] through 8891
2012-12-06 19:57:00---MemberList: 0-abhishek-Lenovo-Z580 1-Lenovo-PC 
2012-12-06 19:57:00---received COPY, will now start FileTransferClient
2012-12-06 19:57:00---myFileList before COPY - [1.s]
2012-12-06 19:57:00---Received COPY message, copy started for 2.s
2012-12-06 19:57:00--- thread: file transfer started
2012-12-06 19:57:00---c:2.s s:2 ip:skulkrn2
2012-12-06 19:57:00--- thread: file transfer completed
2012-12-06 19:57:00---COPY completed for 2.s
2012-12-06 19:57:00---myFileList after COPY - [1.s, 2.s]
2012-12-06 19:57:05---received [P, 3, 3, skulkrn2] through 8891
2012-12-06 19:57:05---MemberList: 0-abhishek-Lenovo-Z580 1-Lenovo-PC 
2012-12-06 19:57:05---sorted node_file_map - [Lenovo-PC, abhishek-Lenovo-Z580]
2012-12-06 19:57:05---sent [C, 3, 3, skulkrn2] to Lenovo-PC
2012-12-06 19:57:05---sent [C, 3, 3, skulkrn2] to abhishek-Lenovo-Z580
2012-12-06 19:57:05---node_file_map after PUT - {Lenovo-PC=[1.s, 2.s, 3], abhishek-Lenovo-Z580=[1.s, 2.s, 3]}
2012-12-06 19:57:05---file_node_map after PUT - {3=[Lenovo-PC, abhishek-Lenovo-Z580], 2.s=[Lenovo-PC, abhishek-Lenovo-Z580], 1.s=[Lenovo-PC, abhishek-Lenovo-Z580]}
2012-12-06 19:57:05---received [maple, 3, p, 1.s, 2.s] through 8891
2012-12-06 19:57:05---MemberList: 0-abhishek-Lenovo-Z580 1-Lenovo-PC 
2012-12-06 19:57:05---Received MAPLE commnd from client
2012-12-06 19:57:05---Initiating Sending of  MapleJuicePayload to abhishek-Lenovo-Z580
2012-12-06 19:57:05---Sending mapleJuicePayload to : abhishek-Lenovo-Z580
2012-12-06 19:57:05---Initiating Sending of  MapleJuicePayload to Lenovo-PC
2012-12-06 19:57:05---Sending mapleJuicePayload to : Lenovo-PC
2012-12-06 19:57:05---Initiating Sending of  MapleJuicePayload to Lenovo-PC
2012-12-06 19:57:05---Sending mapleJuicePayload to : Lenovo-PC
2012-12-06 19:57:05---Sending status request to Lenovo-PC
2012-12-06 20:03:58---detected failure
2012-12-06 20:03:58---MemberList: 0-abhishek-Lenovo-Z580 1-Lenovo-PC 
2012-12-06 20:03:58---RMV send to all nodesfor Lenovo-PC
2012-12-06 20:03:58---received RLenovo-PC through 8891
2012-12-06 20:03:58---MemberList: 0-abhishek-Lenovo-Z580 1-Lenovo-PC 
2012-12-06 20:03:58---received REM on incoming socket for- Lenovo-PC
2012-12-06 20:03:58---memberList after REM - [abhishek-Lenovo-Z580]
2012-12-06 20:03:58---sorted node_file_map - [abhishek-Lenovo-Z580]
2012-12-06 20:03:58---sorted file_node_map - [3, 2.s, 1.s]
2012-12-06 20:03:58---balancefiles called 
2012-12-06 20:03:58---initial node_file_keys - [abhishek-Lenovo-Z580]
2012-12-06 20:03:58---initial file_node_keys - [3, 2.s, 1.s]
2012-12-06 20:14:06---MemberList: 0-abhishek-Lenovo-Z580 
2012-12-06 20:14:18---MemberList: 0-abhishek-Lenovo-Z580 
2012-12-06 20:14:41---MemberList: 0-abhishek-Lenovo-Z580 
2012-12-06 20:16:15---MemberList: 0-abhishek-Lenovo-Z580 
2012-12-06 20:16:28---received JLenovo-PC through 8891
2012-12-06 20:16:28---MemberList: 0-abhishek-Lenovo-Z580 
2012-12-06 20:16:28---received incoming socket, JOIN Lenovo-PC
2012-12-06 20:16:28---Sending memberList - [abhishek-Lenovo-Z580, Lenovo-PC]to Lenovo-PC
2012-12-06 20:16:28---sorted node_file_map - [Lenovo-PC, abhishek-Lenovo-Z580]
2012-12-06 20:16:28---sorted file_node_map - []
2012-12-06 20:16:28---balancefiles called 
2012-12-06 20:16:28---initial node_file_keys - [Lenovo-PC, abhishek-Lenovo-Z580]
2012-12-06 20:16:28---initial file_node_keys - []
2012-12-06 20:16:28---balancefiles called, stage one done
2012-12-06 20:16:28---final file_node_keys - []
2012-12-06 20:16:28---average number of files per server - 0
2012-12-06 20:16:28---balancefiles called, stage two done 
2012-12-06 20:16:28---final node_file_keys - [Lenovo-PC, abhishek-Lenovo-Z580]
2012-12-06 20:16:28---received ALenovo-PC through 8891
2012-12-06 20:16:28---MemberList: 0-abhishek-Lenovo-Z580 1-Lenovo-PC 
2012-12-06 20:16:28---received incoming socket, ADD Lenovo-PC
2012-12-06 20:17:01---received [P, 1, 1.s, skulkrn2] through 8891
2012-12-06 20:17:01---MemberList: 0-abhishek-Lenovo-Z580 1-Lenovo-PC 
2012-12-06 20:17:01---sorted node_file_map - [Lenovo-PC, abhishek-Lenovo-Z580]
2012-12-06 20:17:01---sent [C, 1, 1.s, skulkrn2] to Lenovo-PC
2012-12-06 20:17:01---sent [C, 1, 1.s, skulkrn2] to abhishek-Lenovo-Z580
2012-12-06 20:17:01---node_file_map after PUT - {Lenovo-PC=[1.s], abhishek-Lenovo-Z580=[1.s]}
2012-12-06 20:17:01---file_node_map after PUT - {1.s=[Lenovo-PC, abhishek-Lenovo-Z580]}
2012-12-06 20:17:01---received [C, 1, 1.s, skulkrn2] through 8891
2012-12-06 20:17:01---MemberList: 0-abhishek-Lenovo-Z580 1-Lenovo-PC 
2012-12-06 20:17:01---received COPY, will now start FileTransferClient
2012-12-06 20:17:01---myFileList before COPY - []
2012-12-06 20:17:01---Received COPY message, copy started for 1.s
2012-12-06 20:17:01--- thread: file transfer started
2012-12-06 20:17:01---c:1.s s:1 ip:skulkrn2
2012-12-06 20:17:01--- thread: file transfer completed
2012-12-06 20:17:01---COPY completed for 1.s
2012-12-06 20:17:01---myFileList after COPY - [1.s]
2012-12-06 20:17:05---received [P, 2, 2.s, skulkrn2] through 8891
2012-12-06 20:17:05---MemberList: 0-abhishek-Lenovo-Z580 1-Lenovo-PC 
2012-12-06 20:17:05---sorted node_file_map - [Lenovo-PC, abhishek-Lenovo-Z580]
2012-12-06 20:17:05---sent [C, 2, 2.s, skulkrn2] to Lenovo-PC
2012-12-06 20:17:05---sent [C, 2, 2.s, skulkrn2] to abhishek-Lenovo-Z580
2012-12-06 20:17:05---node_file_map after PUT - {Lenovo-PC=[1.s, 2.s], abhishek-Lenovo-Z580=[1.s, 2.s]}
2012-12-06 20:17:05---file_node_map after PUT - {2.s=[Lenovo-PC, abhishek-Lenovo-Z580], 1.s=[Lenovo-PC, abhishek-Lenovo-Z580]}
2012-12-06 20:17:05---received [C, 2, 2.s, skulkrn2] through 8891
2012-12-06 20:17:05---MemberList: 0-abhishek-Lenovo-Z580 1-Lenovo-PC 
2012-12-06 20:17:05---received COPY, will now start FileTransferClient
2012-12-06 20:17:05---myFileList before COPY - [1.s]
2012-12-06 20:17:05---Received COPY message, copy started for 2.s
2012-12-06 20:17:05--- thread: file transfer started
2012-12-06 20:17:05---c:2.s s:2 ip:skulkrn2
2012-12-06 20:17:05--- thread: file transfer completed
2012-12-06 20:17:05---COPY completed for 2.s
2012-12-06 20:17:05---myFileList after COPY - [1.s, 2.s]
2012-12-06 20:17:12---received [P, 3, 3, skulkrn2] through 8891
2012-12-06 20:17:12---MemberList: 0-abhishek-Lenovo-Z580 1-Lenovo-PC 
2012-12-06 20:17:12---sorted node_file_map - [Lenovo-PC, abhishek-Lenovo-Z580]
2012-12-06 20:17:12---sent [C, 3, 3, skulkrn2] to Lenovo-PC
2012-12-06 20:17:12---sent [C, 3, 3, skulkrn2] to abhishek-Lenovo-Z580
2012-12-06 20:17:12---node_file_map after PUT - {Lenovo-PC=[1.s, 2.s, 3], abhishek-Lenovo-Z580=[1.s, 2.s, 3]}
2012-12-06 20:17:12---file_node_map after PUT - {3=[Lenovo-PC, abhishek-Lenovo-Z580], 2.s=[Lenovo-PC, abhishek-Lenovo-Z580], 1.s=[Lenovo-PC, abhishek-Lenovo-Z580]}
2012-12-06 20:17:12---received [maple, 3, p, 1.s, 2.s] through 8891
2012-12-06 20:17:12---MemberList: 0-abhishek-Lenovo-Z580 1-Lenovo-PC 
2012-12-06 20:17:12---Received MAPLE commnd from client
2012-12-06 20:17:12---Initiating Sending of  MapleJuicePayload to abhishek-Lenovo-Z580
2012-12-06 20:17:12---Sending mapleJuicePayload to : abhishek-Lenovo-Z580
2012-12-06 20:17:12---Initiating Sending of  MapleJuicePayload to Lenovo-PC
2012-12-06 20:17:12---Sending mapleJuicePayload to : Lenovo-PC
2012-12-06 20:17:12---Initiating Sending of  MapleJuicePayload to Lenovo-PC
2012-12-06 20:17:13---Sending mapleJuicePayload to : Lenovo-PC
2012-12-06 20:17:13---Sending status request to Lenovo-PC
2012-12-06 20:18:08---detected failure
2012-12-06 20:18:08---MemberList: 0-abhishek-Lenovo-Z580 1-Lenovo-PC 
2012-12-06 20:18:08---RMV send to all nodesfor Lenovo-PC
2012-12-06 20:18:08---received RLenovo-PC through 8891
2012-12-06 20:18:08---MemberList: 0-abhishek-Lenovo-Z580 1-Lenovo-PC 
2012-12-06 20:18:08---received REM on incoming socket for- Lenovo-PC
2012-12-06 20:18:08---memberList after REM - [abhishek-Lenovo-Z580]
2012-12-06 20:18:08---sorted node_file_map - [abhishek-Lenovo-Z580]
2012-12-06 20:18:08---sorted file_node_map - [3, 2.s, 1.s]
2012-12-06 20:18:08---balancefiles called 
2012-12-06 20:18:08---initial node_file_keys - [abhishek-Lenovo-Z580]
2012-12-06 20:18:08---initial file_node_keys - [3, 2.s, 1.s]
2012-12-06 20:22:47---MemberList: 0-abhishek-Lenovo-Z580 
2012-12-06 20:22:55---received JLenovo-PC through 8891
2012-12-06 20:22:55---MemberList: 0-abhishek-Lenovo-Z580 
2012-12-06 20:22:55---received incoming socket, JOIN Lenovo-PC
2012-12-06 20:22:55---Sending memberList - [abhishek-Lenovo-Z580, Lenovo-PC]to Lenovo-PC
2012-12-06 20:22:55---sorted node_file_map - [Lenovo-PC, abhishek-Lenovo-Z580]
2012-12-06 20:22:55---sorted file_node_map - []
2012-12-06 20:22:55---balancefiles called 
2012-12-06 20:22:55---initial node_file_keys - [Lenovo-PC, abhishek-Lenovo-Z580]
2012-12-06 20:22:55---initial file_node_keys - []
2012-12-06 20:22:55---balancefiles called, stage one done
2012-12-06 20:22:55---final file_node_keys - []
2012-12-06 20:22:55---average number of files per server - 0
2012-12-06 20:22:55---balancefiles called, stage two done 
2012-12-06 20:22:55---final node_file_keys - [Lenovo-PC, abhishek-Lenovo-Z580]
2012-12-06 20:22:55---received ALenovo-PC through 8891
2012-12-06 20:22:55---MemberList: 0-abhishek-Lenovo-Z580 1-Lenovo-PC 
2012-12-06 20:22:55---received incoming socket, ADD Lenovo-PC
2012-12-06 20:23:04---received [P, 1, 1.s, skulkrn2] through 8891
2012-12-06 20:23:04---MemberList: 0-abhishek-Lenovo-Z580 1-Lenovo-PC 
2012-12-06 20:23:04---sorted node_file_map - [Lenovo-PC, abhishek-Lenovo-Z580]
2012-12-06 20:23:04---sent [C, 1, 1.s, skulkrn2] to Lenovo-PC
2012-12-06 20:23:04---sent [C, 1, 1.s, skulkrn2] to abhishek-Lenovo-Z580
2012-12-06 20:23:04---node_file_map after PUT - {Lenovo-PC=[1.s], abhishek-Lenovo-Z580=[1.s]}
2012-12-06 20:23:04---file_node_map after PUT - {1.s=[Lenovo-PC, abhishek-Lenovo-Z580]}
2012-12-06 20:23:04---received [C, 1, 1.s, skulkrn2] through 8891
2012-12-06 20:23:04---MemberList: 0-abhishek-Lenovo-Z580 1-Lenovo-PC 
2012-12-06 20:23:04---received COPY, will now start FileTransferClient
2012-12-06 20:23:04---myFileList before COPY - []
2012-12-06 20:23:04---Received COPY message, copy started for 1.s
2012-12-06 20:23:04--- thread: file transfer started
2012-12-06 20:23:05---c:1.s s:1 ip:skulkrn2
2012-12-06 20:23:05--- thread: file transfer completed
2012-12-06 20:23:05---COPY completed for 1.s
2012-12-06 20:23:05---myFileList after COPY - [1.s]
2012-12-06 20:23:09---received [P, 2, 2.s, skulkrn2] through 8891
2012-12-06 20:23:09---MemberList: 0-abhishek-Lenovo-Z580 1-Lenovo-PC 
2012-12-06 20:23:09---sorted node_file_map - [Lenovo-PC, abhishek-Lenovo-Z580]
2012-12-06 20:23:09---sent [C, 2, 2.s, skulkrn2] to Lenovo-PC
2012-12-06 20:23:09---sent [C, 2, 2.s, skulkrn2] to abhishek-Lenovo-Z580
2012-12-06 20:23:09---node_file_map after PUT - {Lenovo-PC=[1.s, 2.s], abhishek-Lenovo-Z580=[1.s, 2.s]}
2012-12-06 20:23:09---file_node_map after PUT - {2.s=[Lenovo-PC, abhishek-Lenovo-Z580], 1.s=[Lenovo-PC, abhishek-Lenovo-Z580]}
2012-12-06 20:23:09---received [C, 2, 2.s, skulkrn2] through 8891
2012-12-06 20:23:09---MemberList: 0-abhishek-Lenovo-Z580 1-Lenovo-PC 
2012-12-06 20:23:09---received COPY, will now start FileTransferClient
2012-12-06 20:23:09---myFileList before COPY - [1.s]
2012-12-06 20:23:09---Received COPY message, copy started for 2.s
2012-12-06 20:23:09--- thread: file transfer started
2012-12-06 20:23:10---c:2.s s:2 ip:skulkrn2
2012-12-06 20:23:10--- thread: file transfer completed
2012-12-06 20:23:10---COPY completed for 2.s
2012-12-06 20:23:10---myFileList after COPY - [1.s, 2.s]
2012-12-06 20:23:16---received [P, 3, 3, skulkrn2] through 8891
2012-12-06 20:23:16---MemberList: 0-abhishek-Lenovo-Z580 1-Lenovo-PC 
2012-12-06 20:23:16---sorted node_file_map - [Lenovo-PC, abhishek-Lenovo-Z580]
2012-12-06 20:23:16---sent [C, 3, 3, skulkrn2] to Lenovo-PC
2012-12-06 20:23:16---sent [C, 3, 3, skulkrn2] to abhishek-Lenovo-Z580
2012-12-06 20:23:16---node_file_map after PUT - {Lenovo-PC=[1.s, 2.s, 3], abhishek-Lenovo-Z580=[1.s, 2.s, 3]}
2012-12-06 20:23:16---file_node_map after PUT - {3=[Lenovo-PC, abhishek-Lenovo-Z580], 2.s=[Lenovo-PC, abhishek-Lenovo-Z580], 1.s=[Lenovo-PC, abhishek-Lenovo-Z580]}
2012-12-06 20:23:16---received [maple, 3, p, 1.s, 2.s] through 8891
2012-12-06 20:23:16---MemberList: 0-abhishek-Lenovo-Z580 1-Lenovo-PC 
2012-12-06 20:23:16---Received MAPLE commnd from client
2012-12-06 20:23:16---Initiating Sending of  MapleJuicePayload to abhishek-Lenovo-Z580
2012-12-06 20:23:16---Sending mapleJuicePayload to : abhishek-Lenovo-Z580
2012-12-06 20:23:16---Initiating Sending of  MapleJuicePayload to Lenovo-PC
2012-12-06 20:23:16---Sending mapleJuicePayload to : Lenovo-PC
2012-12-06 20:23:16---Initiating Sending of  MapleJuicePayload to Lenovo-PC
2012-12-06 20:23:16---Sending mapleJuicePayload to : Lenovo-PC
2012-12-06 20:23:16---Sending status request to Lenovo-PC
2012-12-06 20:30:17---detected failure
2012-12-06 20:30:17---MemberList: 0-abhishek-Lenovo-Z580 1-Lenovo-PC 
2012-12-06 20:30:17---RMV send to all nodesfor Lenovo-PC
2012-12-06 20:30:17---received RLenovo-PC through 8891
2012-12-06 20:30:17---MemberList: 0-abhishek-Lenovo-Z580 1-Lenovo-PC 
2012-12-06 20:30:17---received REM on incoming socket for- Lenovo-PC
2012-12-06 20:30:17---memberList after REM - [abhishek-Lenovo-Z580]
2012-12-06 20:30:17---sorted node_file_map - [abhishek-Lenovo-Z580]
2012-12-06 20:30:17---sorted file_node_map - [3, 2.s, 1.s]
2012-12-06 20:30:17---balancefiles called 
2012-12-06 20:30:17---initial node_file_keys - [abhishek-Lenovo-Z580]
2012-12-06 20:30:17---initial file_node_keys - [3, 2.s, 1.s]
2012-12-06 20:31:12---MemberList: 0-abhishek-Lenovo-Z580 
2012-12-06 20:31:23---MemberList: 0-abhishek-Lenovo-Z580 
2012-12-06 20:31:56---MemberList: 0-abhishek-Lenovo-Z580 
2012-12-06 20:32:12---received JLenovo-PC through 8891
2012-12-06 20:32:12---MemberList: 0-abhishek-Lenovo-Z580 
2012-12-06 20:32:12---received incoming socket, JOIN Lenovo-PC
2012-12-06 20:32:12---Sending memberList - [abhishek-Lenovo-Z580, Lenovo-PC]to Lenovo-PC
2012-12-06 20:32:12---sorted node_file_map - [Lenovo-PC, abhishek-Lenovo-Z580]
2012-12-06 20:32:12---sorted file_node_map - []
2012-12-06 20:32:12---balancefiles called 
2012-12-06 20:32:12---initial node_file_keys - [Lenovo-PC, abhishek-Lenovo-Z580]
2012-12-06 20:32:12---initial file_node_keys - []
2012-12-06 20:32:12---balancefiles called, stage one done
2012-12-06 20:32:12---final file_node_keys - []
2012-12-06 20:32:12---average number of files per server - 0
2012-12-06 20:32:12---balancefiles called, stage two done 
2012-12-06 20:32:12---final node_file_keys - [Lenovo-PC, abhishek-Lenovo-Z580]
2012-12-06 20:32:12---received ALenovo-PC through 8891
2012-12-06 20:32:12---MemberList: 0-abhishek-Lenovo-Z580 1-Lenovo-PC 
2012-12-06 20:32:12---received incoming socket, ADD Lenovo-PC
2012-12-06 20:32:17---received [P, 1, 1.s, skulkrn2] through 8891
2012-12-06 20:32:17---MemberList: 0-abhishek-Lenovo-Z580 1-Lenovo-PC 
2012-12-06 20:32:17---sorted node_file_map - [Lenovo-PC, abhishek-Lenovo-Z580]
2012-12-06 20:32:17---sent [C, 1, 1.s, skulkrn2] to Lenovo-PC
2012-12-06 20:32:17---sent [C, 1, 1.s, skulkrn2] to abhishek-Lenovo-Z580
2012-12-06 20:32:17---node_file_map after PUT - {Lenovo-PC=[1.s], abhishek-Lenovo-Z580=[1.s]}
2012-12-06 20:32:17---file_node_map after PUT - {1.s=[Lenovo-PC, abhishek-Lenovo-Z580]}
2012-12-06 20:32:17---received [C, 1, 1.s, skulkrn2] through 8891
2012-12-06 20:32:17---MemberList: 0-abhishek-Lenovo-Z580 1-Lenovo-PC 
2012-12-06 20:32:17---received COPY, will now start FileTransferClient
2012-12-06 20:32:17---myFileList before COPY - []
2012-12-06 20:32:17---Received COPY message, copy started for 1.s
2012-12-06 20:32:17--- thread: file transfer started
2012-12-06 20:32:17---c:1.s s:1 ip:skulkrn2
2012-12-06 20:32:17--- thread: file transfer completed
2012-12-06 20:32:17---COPY completed for 1.s
2012-12-06 20:32:17---myFileList after COPY - [1.s]
2012-12-06 20:32:20---received [P, 2, 2.s, skulkrn2] through 8891
2012-12-06 20:32:20---MemberList: 0-abhishek-Lenovo-Z580 1-Lenovo-PC 
2012-12-06 20:32:20---sorted node_file_map - [Lenovo-PC, abhishek-Lenovo-Z580]
2012-12-06 20:32:20---sent [C, 2, 2.s, skulkrn2] to Lenovo-PC
2012-12-06 20:32:20---sent [C, 2, 2.s, skulkrn2] to abhishek-Lenovo-Z580
2012-12-06 20:32:20---node_file_map after PUT - {Lenovo-PC=[1.s, 2.s], abhishek-Lenovo-Z580=[1.s, 2.s]}
2012-12-06 20:32:20---file_node_map after PUT - {2.s=[Lenovo-PC, abhishek-Lenovo-Z580], 1.s=[Lenovo-PC, abhishek-Lenovo-Z580]}
2012-12-06 20:32:20---received [C, 2, 2.s, skulkrn2] through 8891
2012-12-06 20:32:20---MemberList: 0-abhishek-Lenovo-Z580 1-Lenovo-PC 
2012-12-06 20:32:20---received COPY, will now start FileTransferClient
2012-12-06 20:32:20---myFileList before COPY - [1.s]
2012-12-06 20:32:20---Received COPY message, copy started for 2.s
2012-12-06 20:32:20--- thread: file transfer started
2012-12-06 20:32:20---c:2.s s:2 ip:skulkrn2
2012-12-06 20:32:20--- thread: file transfer completed
2012-12-06 20:32:20---COPY completed for 2.s
2012-12-06 20:32:20---myFileList after COPY - [1.s, 2.s]
2012-12-06 20:32:25---received [P, 3, 3, skulkrn2] through 8891
2012-12-06 20:32:25---MemberList: 0-abhishek-Lenovo-Z580 1-Lenovo-PC 
2012-12-06 20:32:25---sorted node_file_map - [Lenovo-PC, abhishek-Lenovo-Z580]
2012-12-06 20:32:25---sent [C, 3, 3, skulkrn2] to Lenovo-PC
2012-12-06 20:32:25---sent [C, 3, 3, skulkrn2] to abhishek-Lenovo-Z580
2012-12-06 20:32:25---node_file_map after PUT - {Lenovo-PC=[1.s, 2.s, 3], abhishek-Lenovo-Z580=[1.s, 2.s, 3]}
2012-12-06 20:32:25---file_node_map after PUT - {3=[Lenovo-PC, abhishek-Lenovo-Z580], 2.s=[Lenovo-PC, abhishek-Lenovo-Z580], 1.s=[Lenovo-PC, abhishek-Lenovo-Z580]}
2012-12-06 20:32:25---received [maple, 3, p, 1.s, 2.s] through 8891
2012-12-06 20:32:25---MemberList: 0-abhishek-Lenovo-Z580 1-Lenovo-PC 
2012-12-06 20:32:25---Received MAPLE commnd from client
2012-12-06 20:32:25---Initiating Sending of  MapleJuicePayload to abhishek-Lenovo-Z580
2012-12-06 20:32:25---Sending mapleJuicePayload to : abhishek-Lenovo-Z580
2012-12-06 20:32:25---Initiating Sending of  MapleJuicePayload to Lenovo-PC
2012-12-06 20:32:25---Sending mapleJuicePayload to : Lenovo-PC
2012-12-06 20:32:25---Initiating Sending of  MapleJuicePayload to Lenovo-PC
2012-12-06 20:32:25---Sending mapleJuicePayload to : Lenovo-PC
2012-12-06 20:32:25---Sending status request to Lenovo-PC
2012-12-06 20:33:25---Received payload of type MapleTask
2012-12-06 20:33:29---Received Maple Task Payload
2012-12-06 20:33:29---SDFSGet Message sent to master for 3
2012-12-06 20:33:29---sent [SDFS_GET, 3, abhishek-Lenovo-Z580] to abhishek-Lenovo-Z580
2012-12-06 20:35:16---detected failure
2012-12-06 20:35:16---MemberList: 0-abhishek-Lenovo-Z580 1-Lenovo-PC 
2012-12-06 20:35:16---RMV send to all nodesfor Lenovo-PC
2012-12-06 20:35:16---received RLenovo-PC through 8891
2012-12-06 20:35:16---MemberList: 0-abhishek-Lenovo-Z580 1-Lenovo-PC 
2012-12-06 20:35:16---received REM on incoming socket for- Lenovo-PC
2012-12-06 20:35:16---memberList after REM - [abhishek-Lenovo-Z580]
2012-12-06 20:35:16---sorted node_file_map - [abhishek-Lenovo-Z580]
2012-12-06 20:35:16---sorted file_node_map - [3, 2.s, 1.s]
2012-12-06 20:35:16---balancefiles called 
2012-12-06 20:35:16---initial node_file_keys - [abhishek-Lenovo-Z580]
2012-12-06 20:35:16---initial file_node_keys - [3, 2.s, 1.s]
2012-12-06 20:37:47---MemberList: 0-abhishek-Lenovo-Z580 
2012-12-06 20:38:20---MemberList: 0-abhishek-Lenovo-Z580 
2012-12-06 20:38:26---received JLenovo-PC through 8891
2012-12-06 20:38:26---MemberList: 0-abhishek-Lenovo-Z580 
2012-12-06 20:38:26---received incoming socket, JOIN Lenovo-PC
2012-12-06 20:38:26---Sending memberList - [abhishek-Lenovo-Z580, Lenovo-PC]to Lenovo-PC
2012-12-06 20:38:26---sorted node_file_map - [Lenovo-PC, abhishek-Lenovo-Z580]
2012-12-06 20:38:26---sorted file_node_map - []
2012-12-06 20:38:26---balancefiles called 
2012-12-06 20:38:26---initial node_file_keys - [Lenovo-PC, abhishek-Lenovo-Z580]
2012-12-06 20:38:26---initial file_node_keys - []
2012-12-06 20:38:26---balancefiles called, stage one done
2012-12-06 20:38:26---final file_node_keys - []
2012-12-06 20:38:26---average number of files per server - 0
2012-12-06 20:38:26---balancefiles called, stage two done 
2012-12-06 20:38:26---final node_file_keys - [Lenovo-PC, abhishek-Lenovo-Z580]
2012-12-06 20:38:26---received ALenovo-PC through 8891
2012-12-06 20:38:26---MemberList: 0-abhishek-Lenovo-Z580 1-Lenovo-PC 
2012-12-06 20:38:26---received incoming socket, ADD Lenovo-PC
2012-12-06 20:38:34---detected failure
2012-12-06 20:38:34---MemberList: 0-abhishek-Lenovo-Z580 1-Lenovo-PC 
2012-12-06 20:38:34---RMV send to all nodesfor Lenovo-PC
2012-12-06 20:38:34---received RLenovo-PC through 8891
2012-12-06 20:38:34---MemberList: 0-abhishek-Lenovo-Z580 1-Lenovo-PC 
2012-12-06 20:38:34---received REM on incoming socket for- Lenovo-PC
2012-12-06 20:38:34---memberList after REM - [abhishek-Lenovo-Z580]
2012-12-06 20:38:34---sorted node_file_map - [abhishek-Lenovo-Z580]
2012-12-06 20:38:34---sorted file_node_map - []
2012-12-06 20:38:34---balancefiles called 
2012-12-06 20:38:34---initial node_file_keys - [abhishek-Lenovo-Z580]
2012-12-06 20:38:34---initial file_node_keys - []
2012-12-06 20:38:34---balancefiles called, stage one done
2012-12-06 20:38:34---final file_node_keys - []
2012-12-06 20:38:34---average number of files per server - 0
2012-12-06 20:38:34---balancefiles called, stage two done 
2012-12-06 20:38:34---final node_file_keys - [abhishek-Lenovo-Z580]
2012-12-06 20:38:40---received JLenovo-PC through 8891
2012-12-06 20:38:40---MemberList: 0-abhishek-Lenovo-Z580 
2012-12-06 20:38:40---received incoming socket, JOIN Lenovo-PC
2012-12-06 20:38:40---Sending memberList - [abhishek-Lenovo-Z580, Lenovo-PC]to Lenovo-PC
2012-12-06 20:38:40---sorted node_file_map - [Lenovo-PC, abhishek-Lenovo-Z580]
2012-12-06 20:38:40---sorted file_node_map - []
2012-12-06 20:38:40---balancefiles called 
2012-12-06 20:38:40---initial node_file_keys - [Lenovo-PC, abhishek-Lenovo-Z580]
2012-12-06 20:38:40---initial file_node_keys - []
2012-12-06 20:38:40---balancefiles called, stage one done
2012-12-06 20:38:40---final file_node_keys - []
2012-12-06 20:38:40---average number of files per server - 0
2012-12-06 20:38:40---balancefiles called, stage two done 
2012-12-06 20:38:40---final node_file_keys - [Lenovo-PC, abhishek-Lenovo-Z580]
2012-12-06 20:38:40---received ALenovo-PC through 8891
2012-12-06 20:38:40---MemberList: 0-abhishek-Lenovo-Z580 1-Lenovo-PC 
2012-12-06 20:38:40---received incoming socket, ADD Lenovo-PC
2012-12-06 20:38:47---received [P, 1, 1.s, skulkrn2] through 8891
2012-12-06 20:38:47---MemberList: 0-abhishek-Lenovo-Z580 1-Lenovo-PC 
2012-12-06 20:38:47---sorted node_file_map - [Lenovo-PC, abhishek-Lenovo-Z580]
2012-12-06 20:38:47---sent [C, 1, 1.s, skulkrn2] to Lenovo-PC
2012-12-06 20:38:47---sent [C, 1, 1.s, skulkrn2] to abhishek-Lenovo-Z580
2012-12-06 20:38:47---node_file_map after PUT - {Lenovo-PC=[1.s], abhishek-Lenovo-Z580=[1.s]}
2012-12-06 20:38:47---file_node_map after PUT - {1.s=[Lenovo-PC, abhishek-Lenovo-Z580]}
2012-12-06 20:38:47---received [C, 1, 1.s, skulkrn2] through 8891
2012-12-06 20:38:47---MemberList: 0-abhishek-Lenovo-Z580 1-Lenovo-PC 
2012-12-06 20:38:47---received COPY, will now start FileTransferClient
2012-12-06 20:38:47---myFileList before COPY - []
2012-12-06 20:38:47---Received COPY message, copy started for 1.s
2012-12-06 20:38:47--- thread: file transfer started
2012-12-06 20:38:47---c:1.s s:1 ip:skulkrn2
2012-12-06 20:38:47--- thread: file transfer completed
2012-12-06 20:38:47---COPY completed for 1.s
2012-12-06 20:38:47---myFileList after COPY - [1.s]
2012-12-06 20:38:51---received [P, 2, 2.s, skulkrn2] through 8891
2012-12-06 20:38:51---MemberList: 0-abhishek-Lenovo-Z580 1-Lenovo-PC 
2012-12-06 20:38:51---sorted node_file_map - [Lenovo-PC, abhishek-Lenovo-Z580]
2012-12-06 20:38:51---sent [C, 2, 2.s, skulkrn2] to Lenovo-PC
2012-12-06 20:38:51---sent [C, 2, 2.s, skulkrn2] to abhishek-Lenovo-Z580
2012-12-06 20:38:51---node_file_map after PUT - {Lenovo-PC=[1.s, 2.s], abhishek-Lenovo-Z580=[1.s, 2.s]}
2012-12-06 20:38:51---file_node_map after PUT - {2.s=[Lenovo-PC, abhishek-Lenovo-Z580], 1.s=[Lenovo-PC, abhishek-Lenovo-Z580]}
2012-12-06 20:38:51---received [C, 2, 2.s, skulkrn2] through 8891
2012-12-06 20:38:51---MemberList: 0-abhishek-Lenovo-Z580 1-Lenovo-PC 
2012-12-06 20:38:51---received COPY, will now start FileTransferClient
2012-12-06 20:38:51---myFileList before COPY - [1.s]
2012-12-06 20:38:51---Received COPY message, copy started for 2.s
2012-12-06 20:38:51--- thread: file transfer started
2012-12-06 20:38:51---c:2.s s:2 ip:skulkrn2
2012-12-06 20:38:51--- thread: file transfer completed
2012-12-06 20:38:51---COPY completed for 2.s
2012-12-06 20:38:51---myFileList after COPY - [1.s, 2.s]
2012-12-06 20:38:57---received [P, 3, 3, skulkrn2] through 8891
2012-12-06 20:38:57---MemberList: 0-abhishek-Lenovo-Z580 1-Lenovo-PC 
2012-12-06 20:38:57---sorted node_file_map - [Lenovo-PC, abhishek-Lenovo-Z580]
2012-12-06 20:38:57---sent [C, 3, 3, skulkrn2] to Lenovo-PC
2012-12-06 20:38:57---sent [C, 3, 3, skulkrn2] to abhishek-Lenovo-Z580
2012-12-06 20:38:57---node_file_map after PUT - {Lenovo-PC=[1.s, 2.s, 3], abhishek-Lenovo-Z580=[1.s, 2.s, 3]}
2012-12-06 20:38:57---file_node_map after PUT - {3=[Lenovo-PC, abhishek-Lenovo-Z580], 2.s=[Lenovo-PC, abhishek-Lenovo-Z580], 1.s=[Lenovo-PC, abhishek-Lenovo-Z580]}
2012-12-06 20:38:57---received [maple, 3, p, 1.s, 2.s] through 8891
2012-12-06 20:38:57---MemberList: 0-abhishek-Lenovo-Z580 1-Lenovo-PC 
2012-12-06 20:38:57---Received MAPLE commnd from client
2012-12-06 20:38:57---Initiating Sending of  MapleJuicePayload to abhishek-Lenovo-Z580
2012-12-06 20:38:57---Sending mapleJuicePayload to : abhishek-Lenovo-Z580
2012-12-06 20:38:57---Initiating Sending of  MapleJuicePayload to Lenovo-PC
2012-12-06 20:38:57---Sending mapleJuicePayload to : Lenovo-PC
2012-12-06 20:38:57---Initiating Sending of  MapleJuicePayload to Lenovo-PC
2012-12-06 20:38:57---Sending mapleJuicePayload to : Lenovo-PC
2012-12-06 20:38:57---Sending status request to Lenovo-PC
2012-12-06 20:39:48---Received payload of type MapleTask
2012-12-06 20:39:49---Received Maple Task Payload
2012-12-06 20:39:49---SDFSGet Message sent to master for 3
2012-12-06 20:39:49---sent [SDFS_GET, 3, abhishek-Lenovo-Z580] to abhishek-Lenovo-Z580
2012-12-06 20:43:53---MemberList: 0-abhishek-Lenovo-Z580 
2012-12-06 22:04:52---MemberList: 0-abhishek-Lenovo-Z580 
2012-12-06 22:08:28---received [P, 1, 1.s, abhishek-VirtualBox] through 8891
2012-12-06 22:08:28---MemberList: 0-abhishek-Lenovo-Z580 
2012-12-06 22:08:28---sorted node_file_map - [abhishek-Lenovo-Z580]
2012-12-06 22:08:28---sent [C, 1, 1.s, abhishek-VirtualBox] to abhishek-Lenovo-Z580
2012-12-06 22:08:28---node_file_map after PUT - {abhishek-Lenovo-Z580=[1.s]}
2012-12-06 22:08:28---file_node_map after PUT - {1.s=[abhishek-Lenovo-Z580]}
2012-12-06 22:08:28---received [C, 1, 1.s, abhishek-VirtualBox] through 8891
2012-12-06 22:08:28---MemberList: 0-abhishek-Lenovo-Z580 
2012-12-06 22:08:28---received COPY, will now start FileTransferClient
2012-12-06 22:08:28---myFileList before COPY - []
2012-12-06 22:08:28---Received COPY message, copy started for 1.s
2012-12-06 22:08:28--- thread: file transfer started
2012-12-06 22:08:28---c:1.s s:1 ip:abhishek-VirtualBox
2012-12-06 22:12:08--- thread: file transfer completed
2012-12-06 22:12:08---COPY completed for 1.s
2012-12-06 22:12:08---myFileList after COPY - [1.s]
2012-12-06 22:17:48---received [P, 1, 1.s, abhishek-VirtualBox] through 8891
2012-12-06 22:17:48---MemberList: 0-abhishek-Lenovo-Z580 
2012-12-06 22:17:48---File already present. So need to send this to the same nodes
2012-12-06 22:17:48---sent [C, 1, 1.s, abhishek-VirtualBox] to abhishek-Lenovo-Z580
2012-12-06 22:17:48---Copy msg: Src:abhishek-VirtualBox Dest: abhishek-Lenovo-Z580 rfile: 1lfile: 1.s
2012-12-06 22:17:48---received [C, 1, 1.s, abhishek-VirtualBox] through 8891
2012-12-06 22:17:48---MemberList: 0-abhishek-Lenovo-Z580 
2012-12-06 22:17:48---received COPY, will now start FileTransferClient
2012-12-06 22:17:48---myFileList before COPY - [1.s]
2012-12-06 22:17:48---Received COPY message, copy started for 1.s
2012-12-06 22:17:48--- thread: file transfer started
2012-12-06 22:17:48---c:1.s s:1 ip:abhishek-VirtualBox
2012-12-06 22:18:13--- thread: file transfer completed
2012-12-06 22:18:13---COPY completed for 1.s
2012-12-06 22:18:13---myFileList after COPY - [1.s, 1.s]
2012-12-06 22:19:00---received [P, ~/Desktop/1, 1.s, abhishek-VirtualBox] through 8891
2012-12-06 22:19:00---MemberList: 0-abhishek-Lenovo-Z580 
2012-12-06 22:19:00---File already present. So need to send this to the same nodes
2012-12-06 22:19:00---sent [C, ~/Desktop/1, 1.s, abhishek-VirtualBox] to abhishek-Lenovo-Z580
2012-12-06 22:19:00---Copy msg: Src:abhishek-VirtualBox Dest: abhishek-Lenovo-Z580 rfile: ~/Desktop/1lfile: 1.s
2012-12-06 22:19:00---received [C, ~/Desktop/1, 1.s, abhishek-VirtualBox] through 8891
2012-12-06 22:19:00---MemberList: 0-abhishek-Lenovo-Z580 
2012-12-06 22:19:00---received COPY, will now start FileTransferClient
2012-12-06 22:19:00---myFileList before COPY - [1.s, 1.s]
2012-12-06 22:19:00---Received COPY message, copy started for 1.s
2012-12-06 22:19:00--- thread: file transfer started
2012-12-06 22:19:00---c:1.s s:~/Desktop/1 ip:abhishek-VirtualBox
2012-12-06 22:19:23--- thread: file transfer completed
2012-12-06 22:19:23---COPY completed for 1.s
2012-12-06 22:19:23---myFileList after COPY - [1.s, 1.s, 1.s]
2012-12-06 22:19:49---received [P, /home/abhishek/Desktop/1, 1.s, abhishek-VirtualBox] through 8891
2012-12-06 22:19:49---MemberList: 0-abhishek-Lenovo-Z580 
2012-12-06 22:19:49---File already present. So need to send this to the same nodes
2012-12-06 22:19:49---sent [C, /home/abhishek/Desktop/1, 1.s, abhishek-VirtualBox] to abhishek-Lenovo-Z580
2012-12-06 22:19:49---Copy msg: Src:abhishek-VirtualBox Dest: abhishek-Lenovo-Z580 rfile: /home/abhishek/Desktop/1lfile: 1.s
2012-12-06 22:19:49---received [C, /home/abhishek/Desktop/1, 1.s, abhishek-VirtualBox] through 8891
2012-12-06 22:19:49---MemberList: 0-abhishek-Lenovo-Z580 
2012-12-06 22:19:49---received COPY, will now start FileTransferClient
2012-12-06 22:19:49---myFileList before COPY - [1.s, 1.s, 1.s]
2012-12-06 22:19:49---Received COPY message, copy started for 1.s
2012-12-06 22:19:49--- thread: file transfer started
2012-12-06 22:19:49---c:1.s s:/home/abhishek/Desktop/1 ip:abhishek-VirtualBox
2012-12-06 22:19:49--- thread: file transfer completed
2012-12-06 22:19:49---COPY completed for 1.s
2012-12-06 22:19:49---myFileList after COPY - [1.s, 1.s, 1.s, 1.s]
2012-12-06 22:20:10---received [P, /home/abhishek/Desktop/2, 2.s, abhishek-VirtualBox] through 8891
2012-12-06 22:20:10---MemberList: 0-abhishek-Lenovo-Z580 
2012-12-06 22:20:10---sorted node_file_map - [abhishek-Lenovo-Z580]
2012-12-06 22:20:10---sent [C, /home/abhishek/Desktop/2, 2.s, abhishek-VirtualBox] to abhishek-Lenovo-Z580
2012-12-06 22:20:10---node_file_map after PUT - {abhishek-Lenovo-Z580=[1.s, 2.s]}
2012-12-06 22:20:10---file_node_map after PUT - {2.s=[abhishek-Lenovo-Z580], 1.s=[abhishek-Lenovo-Z580]}
2012-12-06 22:20:10---received [C, /home/abhishek/Desktop/2, 2.s, abhishek-VirtualBox] through 8891
2012-12-06 22:20:10---MemberList: 0-abhishek-Lenovo-Z580 
2012-12-06 22:20:10---received COPY, will now start FileTransferClient
2012-12-06 22:20:10---myFileList before COPY - [1.s, 1.s, 1.s, 1.s]
2012-12-06 22:20:10---Received COPY message, copy started for 2.s
2012-12-06 22:20:10--- thread: file transfer started
2012-12-06 22:20:10---c:2.s s:/home/abhishek/Desktop/2 ip:abhishek-VirtualBox
2012-12-06 22:20:10--- thread: file transfer completed
2012-12-06 22:20:10---COPY completed for 2.s
2012-12-06 22:20:10---myFileList after COPY - [1.s, 1.s, 1.s, 1.s, 2.s]
2012-12-06 22:20:43---received [P, 3, 3, abhishek-VirtualBox] through 8891
2012-12-06 22:20:43---MemberList: 0-abhishek-Lenovo-Z580 
2012-12-06 22:20:43---sorted node_file_map - [abhishek-Lenovo-Z580]
2012-12-06 22:20:43---sent [C, 3, 3, abhishek-VirtualBox] to abhishek-Lenovo-Z580
2012-12-06 22:20:43---node_file_map after PUT - {abhishek-Lenovo-Z580=[1.s, 2.s, 3]}
2012-12-06 22:20:43---file_node_map after PUT - {3=[abhishek-Lenovo-Z580], 2.s=[abhishek-Lenovo-Z580], 1.s=[abhishek-Lenovo-Z580]}
2012-12-06 22:20:43---received [maple, 3, p, 1.s, 2.s] through 8891
2012-12-06 22:20:43---MemberList: 0-abhishek-Lenovo-Z580 
2012-12-06 22:20:43---Received MAPLE commnd from client
2012-12-06 22:20:43---Initiating Sending of  MapleJuicePayload to abhishek-Lenovo-Z580
2012-12-06 22:20:43---Sending mapleJuicePayload to : abhishek-Lenovo-Z580
2012-12-06 22:20:43---Initiating Sending of  MapleJuicePayload to abhishek-Lenovo-Z580
2012-12-06 22:20:43---Sending mapleJuicePayload to : abhishek-Lenovo-Z580
2012-12-06 22:20:43---Sending status request to abhishek-Lenovo-Z580
